<?xml version="1.0" encoding="UTF-8"?>
<testng-results total="1" passed="1" failed="0" skipped="0">
  <reporter-output>
  </reporter-output>
  <suite started-at="2024-01-02T13:37:03Z" name="Default suite" finished-at="2024-01-02T13:37:29Z" duration-ms="26076">
    <groups>
    </groups>
    <test started-at="2024-01-02T13:37:03Z" name="Default test" finished-at="2024-01-02T13:37:29Z" duration-ms="26076">
      <class name="jarvis.scripts.FileUpload">
        <test-method is-config="true" signature="report()[pri:0, instance:jarvis.scripts.FileUpload@2796aeae]" started-at="2024-01-02T19:07:00Z" name="report" finished-at="2024-01-02T19:07:00Z" duration-ms="288" status="PASS">
          <reporter-output>
          </reporter-output>
        </test-method> <!-- report -->
        <test-method is-config="true" signature="setUp()[pri:0, instance:jarvis.scripts.FileUpload@2796aeae]" started-at="2024-01-02T19:07:00Z" name="setUp" finished-at="2024-01-02T19:07:03Z" duration-ms="3243" status="PASS">
          <reporter-output>
          </reporter-output>
        </test-method> <!-- setUp -->
        <test-method signature="SampleTest()[pri:0, instance:jarvis.scripts.FileUpload@2796aeae]" started-at="2024-01-02T19:07:03Z" name="SampleTest" finished-at="2024-01-02T19:07:29Z" duration-ms="26062" status="PASS">
          <reporter-output>
          </reporter-output>
        </test-method> <!-- SampleTest -->
        <test-method is-config="true" signature="tearDown()[pri:0, instance:jarvis.scripts.FileUpload@2796aeae]" started-at="2024-01-02T19:07:29Z" name="tearDown" finished-at="2024-01-02T19:07:30Z" duration-ms="362" status="PASS">
          <reporter-output>
          </reporter-output>
        </test-method> <!-- tearDown -->
      </class> <!-- jarvis.scripts.FileUpload -->
    </test> <!-- Default test -->
  </suite> <!-- Default suite -->
</testng-results>
